{"C:\\Users\\Amstel\\Desktop\\Web Project\\vue_projects\\keiko_corp\\src\\components\\navigation\\MainNav.vue": {"path":"C:\\Users\\Amstel\\Desktop\\Web Project\\vue_projects\\keiko_corp\\src\\components\\navigation\\MainNav.vue","statementMap":{"0":{"start":{"line":18,"column":15},"end":{"line":18,"column":null}},"1":{"start":{"line":21,"column":4},"end":{"line":21,"column":11}}},"fnMap":{"0":{"name":"(anonymous_0)","decl":{"start":{"line":20,"column":2},"end":{"line":20,"column":6}},"loc":{"start":{"line":20,"column":9},"end":{"line":32,"column":null}}}},"branchMap":{},"s":{"0":1,"1":1},"f":{"0":1},"b":{}}
}
