{"C:\\Users\\Amstel\\Desktop\\Web Project\\vue_projects\\keiko_corp\\src\\components\\global\\button\\Button.vue": {"path":"C:\\Users\\Amstel\\Desktop\\Web Project\\vue_projects\\keiko_corp\\src\\components\\global\\button\\Button.vue","statementMap":{"0":{"start":{"line":8,"column":15},"end":{"line":8,"column":null}},"1":{"start":{"line":20,"column":8},"end":{"line":20,"column":15}},"2":{"start":{"line":25,"column":4},"end":{"line":25,"column":11}},"3":{"start":{"line":29,"column":6},"end":{"line":29,"column":13}}},"fnMap":{"0":{"name":"(anonymous_0)","decl":{"start":{"line":19,"column":6},"end":{"line":19,"column":15}},"loc":{"start":{"line":19,"column":23},"end":{"line":21,"column":null}}},"1":{"name":"(anonymous_1)","decl":{"start":{"line":24,"column":2},"end":{"line":24,"column":6}},"loc":{"start":{"line":24,"column":9},"end":{"line":26,"column":null}}},"2":{"name":"(anonymous_2)","decl":{"start":{"line":28,"column":4},"end":{"line":28,"column":14}},"loc":{"start":{"line":28,"column":17},"end":{"line":34,"column":null}}}},"branchMap":{},"s":{"0":2,"1":8,"2":2,"3":2},"f":{"0":8,"1":2,"2":2},"b":{}}
,"C:\\Users\\Amstel\\Desktop\\Web Project\\vue_projects\\keiko_corp\\src\\components\\global\\profile\\ProfileImage.vue": {"path":"C:\\Users\\Amstel\\Desktop\\Web Project\\vue_projects\\keiko_corp\\src\\components\\global\\profile\\ProfileImage.vue","statementMap":{"0":{"start":{"line":6,"column":15},"end":{"line":6,"column":null}},"1":{"start":{"line":9,"column":4},"end":{"line":9,"column":11}}},"fnMap":{"0":{"name":"(anonymous_0)","decl":{"start":{"line":8,"column":2},"end":{"line":8,"column":6}},"loc":{"start":{"line":8,"column":9},"end":{"line":12,"column":null}}}},"branchMap":{},"s":{"0":2,"1":1},"f":{"0":1},"b":{}}
,"C:\\Users\\Amstel\\Desktop\\Web Project\\vue_projects\\keiko_corp\\src\\components\\navigation\\Subnav.vue": {"path":"C:\\Users\\Amstel\\Desktop\\Web Project\\vue_projects\\keiko_corp\\src\\components\\navigation\\Subnav.vue","statementMap":{"0":{"start":{"line":16,"column":15},"end":{"line":16,"column":null}},"1":{"start":{"line":19,"column":4},"end":{"line":19,"column":11}}},"fnMap":{"0":{"name":"(anonymous_0)","decl":{"start":{"line":18,"column":2},"end":{"line":18,"column":6}},"loc":{"start":{"line":18,"column":9},"end":{"line":22,"column":null}}}},"branchMap":{},"s":{"0":2,"1":2},"f":{"0":2},"b":{}}
}
